<?xml version="1.0" encoding="UTF-8"?>
<!-- Generated by org.testng.reporters.JUnitReportReporter -->
<testsuite skipped="0" hostname="codeLover.local" name="random.test.BrowserUtility" tests="3" failures="0" timestamp="30 Dec 2019 00:58:32 GMT" time="17.325" errors="0">
  <testcase name="testOne" time="7.227" classname="random.test.BrowserUtility"/>
  <testcase name="testTwo" time="5.189" classname="random.test.BrowserUtility"/>
  <testcase name="testThree" time="4.909" classname="random.test.BrowserUtility"/>
</testsuite> <!-- random.test.BrowserUtility -->
